d:\work\video2panorama\video2panorama\x64\release\vc140.pdb
d:\work\video2panorama\video2panorama\x64\release\main.obj
d:\work\video2panorama\video2panorama\x64\release\823.obj
d:\work\video2panorama\video2panorama\x64\release\kalman_demo.obj
d:\work\video2panorama\video2panorama\x64\release\kalman_tracking_mouse.obj
d:\work\video2panorama\video2panorama\x64\release\kalman_opencv_demo.obj
d:\work\video2panorama\video2panorama\x64\release\kalman_mouse_tracking_3.obj
d:\work\video2panorama\video2panorama\x64\release\kalman_array.obj
d:\work\video2panorama\video2panorama\x64\release\831.obj
d:\work\video2panorama\video2panorama\x64\release\kalman_shift.obj
d:\work\video2panorama\x64\release\video2panorama.exe
d:\work\video2panorama\x64\release\video2panorama.ipdb
d:\work\video2panorama\x64\release\video2panorama.iobj
d:\work\video2panorama\x64\release\video2panorama.pdb
d:\work\video2panorama\video2panorama\x64\release\video2panorama.tlog\cl.command.1.tlog
d:\work\video2panorama\video2panorama\x64\release\video2panorama.tlog\cl.read.1.tlog
d:\work\video2panorama\video2panorama\x64\release\video2panorama.tlog\cl.write.1.tlog
d:\work\video2panorama\video2panorama\x64\release\video2panorama.tlog\link.command.1.tlog
d:\work\video2panorama\video2panorama\x64\release\video2panorama.tlog\link.read.1.tlog
d:\work\video2panorama\video2panorama\x64\release\video2panorama.tlog\link.write.1.tlog
